<?xml version="1.0" encoding="UTF-8"?>
<!-- Generated by org.testng.reporters.JUnitXMLReporter -->
<testsuite hostname="C1-G-MON-014" ignored="2" name="Command line test e097ab45-0042-4c51-8ca1-11d117425634" tests="2" failures="1" timestamp="15 Dec 2020 08:15:32 GMT" time="30.675" errors="0">
  <testcase name="test" time="18.915" classname="org.testing.testscripts.TC3"/>
  <testcase name="test" time="0.001" classname="org.testing.testscripts.TC1">
    <failure type="java.lang.NullPointerException">
      <![CDATA[java.lang.NullPointerException
at org.testing.testscripts.TC1.test(TC1.java:10)
at org.testing.runner.Runner.main(Runner.java:71)
... Removed 22 stack frames]]>
    </failure>
  </testcase> <!-- test -->
  <testcase name="@BeforeTest setup" time="0.0" classname="org.testing.base.Base">
    <ignored/>
  </testcase> <!-- @BeforeTest setup -->
  <testcase name="@AfterTest close" time="0.0" classname="org.testing.base.Base">
    <ignored/>
  </testcase> <!-- @AfterTest close -->
</testsuite> <!-- Command line test e097ab45-0042-4c51-8ca1-11d117425634 -->
