<?xml version="1.0" encoding="UTF-8"?>
<!-- Generated by org.testng.reporters.JUnitXMLReporter -->
<testsuite hostname="C1-G-MON-014" ignored="2" name="Command line test 219d275f-cb2c-4f34-9473-edf193e5c329" tests="2" failures="1" timestamp="15 Dec 2020 09:45:02 GMT" time="41.584" errors="0">
  <testcase name="test" time="28.094" classname="org.testing.testscripts.TC3"/>
  <testcase name="test" time="0.0" classname="org.testing.testscripts.TC1">
    <failure type="java.lang.NullPointerException">
      <![CDATA[java.lang.NullPointerException
at org.testing.testscripts.TC1.test(TC1.java:10)
at org.testing.runner.Runner.main(Runner.java:72)
... Removed 22 stack frames]]>
    </failure>
  </testcase> <!-- test -->
  <testcase name="@BeforeTest setup" time="0.0" classname="org.testing.base.Base">
    <ignored/>
  </testcase> <!-- @BeforeTest setup -->
  <testcase name="@AfterTest close" time="0.0" classname="org.testing.base.Base">
    <ignored/>
  </testcase> <!-- @AfterTest close -->
</testsuite> <!-- Command line test 219d275f-cb2c-4f34-9473-edf193e5c329 -->
